[Licensing::Module] Trying to connect to existing licensing client channel...
Built from '6000.3/staging' branch; Version is '6000.3.11f1 (3000ef702840) revision 3145967'; Using compiler version '194234433'; Build Type 'Release'
OS: 'Windows 11  (10.0.26200) CoreSingleLanguage' Language: 'en' Physical Memory: 23945 MB
BatchMode: 1, IsHumanControllingUs: 0, StartBugReporterOnCrash: 0, Is64bit: 1
System  architecture: x64
Process architecture: x64
Date: 2026-05-12T18:12:33Z
[Licensing::IpcConnector] Successfully connected to: "LicenseClient-mkt98" at "2026-05-12T18:12:33.0867842Z"

COMMAND LINE ARGUMENTS:
C:\Program Files\Unity\Hub\Editor\6000.3.11f1\Editor\Unity.exe
-adb2
-batchMode
-noUpm
-name
AssetImportWorker2
-projectPath
C:/Uni/Github/GADE.Endless.Runner/Hoarder's Dash - Endless Runner
-logFile
Logs/AssetImportWorker2.log
-srvPort
64149
-licensingIpc
LicenseClient-mkt98
-job-worker-count
7
-background-job-worker-count
8
-gc-helper-count
1
-name
AssetImport
Successfully changed project path to: C:/Uni/Github/GADE.Endless.Runner/Hoarder's Dash - Endless Runner
C:/Uni/Github/GADE.Endless.Runner/Hoarder's Dash - Endless Runner
[UnityMemory] Configuration Parameters - Can be set up in boot.config
    "memorysetup-temp-allocator-size-nav-mesh-worker=65536"
    "memorysetup-temp-allocator-size-audio-worker=65536"
    "memorysetup-temp-allocator-size-gfx=262144"
    "memorysetup-allocator-temp-initial-block-size-main=262144"
    "memorysetup-allocator-temp-initial-block-size-worker=262144"
    "memorysetup-temp-allocator-size-background-worker=32768"
    "memorysetup-temp-allocator-size-job-worker=262144"
    "memorysetup-temp-allocator-size-preload-manager=33554432"
    "memorysetup-temp-allocator-size-gi-baking-worker=262144"
    "memorysetup-temp-allocator-size-gi-baking-worker=262144"
    "memorysetup-temp-allocator-size-gi-baking-worker=262144"
    "memorysetup-temp-allocator-size-gi-baking-worker=262144"
    "memorysetup-temp-allocator-size-gi-baking-worker=262144"
    "memorysetup-bucket-allocator-granularity=16"
    "memorysetup-bucket-allocator-bucket-count=8"
    "memorysetup-bucket-allocator-block-size=33554432"
    "memorysetup-bucket-allocator-block-count=8"
    "memorysetup-main-allocator-block-size=16777216"
    "memorysetup-thread-allocator-block-size=16777216"
    "memorysetup-gfx-main-allocator-block-size=16777216"
    "memorysetup-gfx-thread-allocator-block-size=16777216"
    "memorysetup-cache-allocator-block-size=4194304"
    "memorysetup-typetree-allocator-block-size=2097152"
    "memorysetup-profiler-bucket-allocator-granularity=16"
    "memorysetup-profiler-bucket-allocator-bucket-count=8"
    "memorysetup-profiler-bucket-allocator-block-size=33554432"
    "memorysetup-profiler-bucket-allocator-block-count=8"
    "memorysetup-profiler-allocator-block-size=16777216"
    "memorysetup-profiler-editor-allocator-block-size=1048576"
    "memorysetup-temp-allocator-size-main=16777216"
    "memorysetup-job-temp-allocator-block-size=2097152"
    "memorysetup-job-temp-allocator-block-size-background=1048576"
    "memorysetup-job-temp-allocator-reduction-small-platforms=262144"
    "memorysetup-temp-allocator-size-cloud-worker=32768"
Player connection [13136]  Target information:

Player connection [13136]  * "[IP] 10.10.2.162 [Port] 0 [Flags] 2 [Guid] 1624673982 [EditorId] 1624673982 [Version] 1048832 [Id] WindowsEditor(7,MKT-M515) [Debug] 1 [PackageName] WindowsEditor [ProjectName] Editor" 

Player connection [13136] Host joined multi-casting on [225.0.0.222:54997]...
Player connection [13136] Host joined alternative multi-casting on [225.0.0.222:34997]...
JobSystem: Creating JobQueue using job-worker-count value 7
Input System module state changed to: Initialized.
[Physics::Module] Initialized fallback backend.
[Physics::Module] Id: 0xdecafbad
Library Redirect Path: Library/
[Physics::Module] Selected backend.
[Physics::Module] Name: PhysX
[Physics::Module] Id: 0xf2b8ea05
[Physics::Module] SDK Version: 4.1.2
[Physics::Module] Integration Version: 1.0.0
[Physics::Module] Threading Mode: Multi-Threaded
Refreshing native plugins compatible for Editor in 19.56 ms, found 3 plugins.
Preloading 0 native plugins for Editor in 0.00 ms.
Initialize engine version: 6000.3.11f1 (3000ef702840)
[Subsystems] Discovering subsystems at path C:/Program Files/Unity/Hub/Editor/6000.3.11f1/Editor/Data/Resources/UnitySubsystems
[Subsystems] Discovering subsystems at path C:/Uni/Github/GADE.Endless.Runner/Hoarder's Dash - Endless Runner/Assets
GfxDevice: creating device client; kGfxThreadingModeNonThreaded
Direct3D:
    Version:  Direct3D 11.0 [level 11.1]
    Renderer: AMD Radeon(TM) Graphics (ID=0x164c)
    Vendor:   ATI
    VRAM:     11972 MB
    Driver:   31.0.21923.1000
Initialize mono
Mono path[0] = 'C:/Program Files/Unity/Hub/Editor/6000.3.11f1/Editor/Data/Managed'
Mono path[1] = 'C:/Program Files/Unity/Hub/Editor/6000.3.11f1/Editor/Data/MonoBleedingEdge/lib/mono/unityjit-win32'
Mono config path = 'C:/Program Files/Unity/Hub/Editor/6000.3.11f1/Editor/Data/MonoBleedingEdge/etc'
Using monoOptions --debugger-agent=transport=dt_socket,embedding=1,server=y,suspend=n,address=127.0.0.1:56628
Begin MonoManager ReloadAssembly
Registering precompiled unity dll's ...
Register platform support module: C:/Program Files/Unity/Hub/Editor/6000.3.11f1/Editor/Data/PlaybackEngines/WindowsStandaloneSupport/UnityEditor.WindowsStandalone.Extensions.dll
Registered in 0.005033 seconds.
- Loaded All Assemblies, in  1.194 seconds
Native extension for WindowsStandalone target not found
[Licensing::Client] Error: HandshakeResponse reported an error:
	ResponseCode: 505
	ResponseStatus: Unsupported protocol version '1.18.0'.
[Licensing::Module] Error: Failed to handshake to channel: "LicenseClient-mkt98"
[Licensing::IpcConnector] LicenseClient-mkt98 channel disconnected successfully.
[Licensing::IpcConnector] Successfully connected to: "LicenseClient-mkt98-6000.3.11" at "2026-05-12T18:12:36.7828504Z"
[Licensing::Client] Handshaking with LicensingClient:
  Version:                 1.18.0+23225a6
  Session Id:              964116e99aef49e8bb7f6e289b4040d2
  Correlation Id:          ae16720d34aa9f99db57fde9afab22d6
  External correlation Id: 6095847155533780481
  Machine Id:              AEzvTVC86hxVUc+RgZRk9p86gaQ=
[Licensing::Module] Successfully connected to LicensingClient on channel: "LicenseClient-mkt98-6000.3.11" (connect: 0.00s, validation: 0.00s, handshake: 0.23s)
[Licensing::IpcConnector] Successfully connected to: "LicenseClient-mkt98-6000.3.11-notifications" at "2026-05-12T18:12:37.0173407Z"
[Licensing::Module] Licensing Background thread has ended after 3.99s
Package Manager log level set to [2]
[Package Manager] Failed to launch server process. Reason: Unity was launched with the -noUpm command-line argument
[Package Manager] Unable to send message (not connected to server process).
[Package Manager] Cannot connect to Unity Package Manager local server
ScheduleIndexationOnStartup MainProcess:False IndexOnStartup:True
Mono: successfully reloaded assembly
- Finished resetting the current domain, in  1.046 seconds
Domain Reload Profiling: 2229ms
	BeginReloadAssembly (400ms)
		ExecutionOrderSort (0ms)
		DisableScriptedObjects (0ms)
		BackupInstance (0ms)
		ReleaseScriptingObjects (0ms)
		CreateAndSetChildDomain (2ms)
	RebuildCommonClasses (106ms)
	RebuildNativeTypeToScriptingClass (38ms)
	initialDomainReloadingComplete (152ms)
	LoadAllAssembliesAndSetupDomain (486ms)
		LoadAssemblies (389ms)
		RebuildTransferFunctionScriptingTraits (0ms)
		AnalyzeDomain (474ms)
			TypeCache.Refresh (470ms)
				TypeCache.ScanAssembly (433ms)
			BuildScriptInfoCaches (0ms)
			ResolveRequiredComponents (1ms)
	FinalizeReload (1047ms)
		ReleaseScriptCaches (0ms)
		RebuildScriptCaches (0ms)
		SetupLoadedEditorAssemblies (940ms)
			LogAssemblyErrors (0ms)
			InitializePlatformSupportModulesInManaged (128ms)
			SetLoadedEditorAssemblies (13ms)
			BeforeProcessingInitializeOnLoad (273ms)
			ProcessInitializeOnLoadAttributes (351ms)
			ProcessInitializeOnLoadMethodAttributes (174ms)
			AfterProcessingInitializeOnLoad (0ms)
			EditorAssembliesLoaded (0ms)
		ExecutionOrderSort2 (0ms)
		AwakeInstancesAfterBackupRestoration (0ms)
========================================================================
Worker process is ready to serve import requests
Import Worker Mode flag is 0x00
Begin MonoManager ReloadAssembly
[Licensing::Client] Successfully resolved entitlement details
[Licensing::Module] License group:
  Id: 20067153655065-UnityPersXXXX
  Product: Unity Personal
  Type: Assigned
  Expiration: Unlimited
- Loaded All Assemblies, in  1.929 seconds
Refreshing native plugins compatible for Editor in 2.56 ms, found 3 plugins.
Native extension for WindowsStandalone target not found
[Package Manager] Failed to launch server process. Reason: Unity was launched with the -noUpm command-line argument
[Package Manager] Unable to send message (not connected to server process).
[Package Manager] Cannot connect to Unity Package Manager local server
[Package Manager] Failed to launch server process. Reason: Unity was launched with the -noUpm command-line argument
[Package Manager] Unable to send message (not connected to server process).
[Package Manager] Cannot connect to Unity Package Manager local server
ScheduleIndexationOnStartup MainProcess:False IndexOnStartup:True
Mono: successfully reloaded assembly
- Finished resetting the current domain, in  1.655 seconds
Domain Reload Profiling: 3568ms
	BeginReloadAssembly (422ms)
		ExecutionOrderSort (0ms)
		DisableScriptedObjects (13ms)
		BackupInstance (0ms)
		ReleaseScriptingObjects (0ms)
		CreateAndSetChildDomain (55ms)
	RebuildCommonClasses (89ms)
	RebuildNativeTypeToScriptingClass (29ms)
	initialDomainReloadingComplete (97ms)
	LoadAllAssembliesAndSetupDomain (1275ms)
		LoadAssemblies (906ms)
		RebuildTransferFunctionScriptingTraits (0ms)
		AnalyzeDomain (607ms)
			TypeCache.Refresh (411ms)
				TypeCache.ScanAssembly (379ms)
			BuildScriptInfoCaches (164ms)
			ResolveRequiredComponents (25ms)
	FinalizeReload (1656ms)
		ReleaseScriptCaches (0ms)
		RebuildScriptCaches (0ms)
		SetupLoadedEditorAssemblies (1223ms)
			LogAssemblyErrors (0ms)
			InitializePlatformSupportModulesInManaged (4ms)
			SetLoadedEditorAssemblies (12ms)
			BeforeProcessingInitializeOnLoad (324ms)
			ProcessInitializeOnLoadAttributes (716ms)
			ProcessInitializeOnLoadMethodAttributes (153ms)
			AfterProcessingInitializeOnLoad (14ms)
			EditorAssembliesLoaded (1ms)
		ExecutionOrderSort2 (0ms)
		AwakeInstancesAfterBackupRestoration (12ms)
Launched and connected shader compiler UnityShaderCompiler.exe after 0.03 seconds
Refreshing native plugins compatible for Editor in 2.83 ms, found 3 plugins.
Preloading 0 native plugins for Editor in 0.00 ms.
Unloading 28 Unused Serialized files (Serialized files now loaded: 0)
Unloading 6302 unused Assets / (7.1 MB). Loaded Objects now: 7139.
Memory consumption went from 158.7 MB to 151.6 MB.
Total: 21.431900 ms (FindLiveObjects: 1.571600 ms CreateObjectMapping: 1.637200 ms MarkObjects: 11.381900 ms  DeleteObjects: 6.837600 ms)

========================================================================
Received Import Request.
  Time since last request: 1728376.001262 seconds.
  path: Assets/TirgamesAssets/Factory/Models/Factory2Roof02.FBX
  artifactKey: Guid(f764978e650a95c489e050ee0d4b662b) Importer(2089858483,b0f066a214c2f5e87bad3c948f4d605d)
Start importing Assets/TirgamesAssets/Factory/Models/Factory2Roof02.FBX using Guid(f764978e650a95c489e050ee0d4b662b) Importer(2089858483,b0f066a214c2f5e87bad3c948f4d605d) (ScriptedImporter) -> (artifact id: '113301bc436bd24490d7ce9f422c6b29') in 0.3406036 seconds
Number of updated asset objects reloaded before import = 0Number of asset objects unloaded after import = 8

========================================================================
Received Import Request.
  Time since last request: 0.000076 seconds.
  path: Assets/TirgamesAssets/Factory/Textures/MetalCabinet01_2NM.png
  artifactKey: Guid(aa8b172f8b6a0544fa396399da4ce334) Importer(2089858483,b0f066a214c2f5e87bad3c948f4d605d)
Start importing Assets/TirgamesAssets/Factory/Textures/MetalCabinet01_2NM.png using Guid(aa8b172f8b6a0544fa396399da4ce334) Importer(2089858483,b0f066a214c2f5e87bad3c948f4d605d) (ScriptedImporter) -> (artifact id: '3aa64bbd3a7066fb8c60f070114ec1dc') in 0.1465509 seconds
Number of updated asset objects reloaded before import = 0Number of asset objects unloaded after import = 1

========================================================================
Received Import Request.
  Time since last request: 0.000053 seconds.
  path: Assets/TirgamesAssets/Factory/Models/Factory2Roof01.FBX
  artifactKey: Guid(c4be1b8514187024e8e7478f3a686ee1) Importer(2089858483,b0f066a214c2f5e87bad3c948f4d605d)
Start importing Assets/TirgamesAssets/Factory/Models/Factory2Roof01.FBX using Guid(c4be1b8514187024e8e7478f3a686ee1) Importer(2089858483,b0f066a214c2f5e87bad3c948f4d605d) (ScriptedImporter) -> (artifact id: '3e49181c41264422c3d8fbaf67687c15') in 0.0531731 seconds
Number of updated asset objects reloaded before import = 0Number of asset objects unloaded after import = 8

========================================================================
Received Import Request.
  Time since last request: 0.000042 seconds.
  path: Assets/TirgamesAssets/Factory/Textures/Barrels01.png
  artifactKey: Guid(53f8bcb07763892419cd56a9f8fe735c) Importer(2089858483,b0f066a214c2f5e87bad3c948f4d605d)
Start importing Assets/TirgamesAssets/Factory/Textures/Barrels01.png using Guid(53f8bcb07763892419cd56a9f8fe735c) Importer(2089858483,b0f066a214c2f5e87bad3c948f4d605d) (ScriptedImporter) -> (artifact id: '28805888bf0a0802c51886e1086cf2e7') in 0.0537818 seconds
Number of updated asset objects reloaded before import = 0Number of asset objects unloaded after import = 1

========================================================================
Received Import Request.
  Time since last request: 0.000030 seconds.
  path: Assets/TirgamesAssets/Factory/Prefabs/Factory1Column01.prefab
  artifactKey: Guid(ee4afe4ae21632144807b055b7a968c2) Importer(2089858483,b0f066a214c2f5e87bad3c948f4d605d)
Start importing Assets/TirgamesAssets/Factory/Prefabs/Factory1Column01.prefab using Guid(ee4afe4ae21632144807b055b7a968c2) Importer(2089858483,b0f066a214c2f5e87bad3c948f4d605d) (ScriptedImporter) -> (artifact id: 'd41be1de23a2c1066318b3803b7cf9f9') in 0.0969979 seconds
Number of updated asset objects reloaded before import = 0Number of asset objects unloaded after import = 9

========================================================================
Received Import Request.
  Time since last request: 0.000076 seconds.
  path: Assets/TirgamesAssets/Factory/Prefabs/Barrel01a.prefab
  artifactKey: Guid(e28acf57f55cba44fb043549e79783a5) Importer(2089858483,b0f066a214c2f5e87bad3c948f4d605d)
Start importing Assets/TirgamesAssets/Factory/Prefabs/Barrel01a.prefab using Guid(e28acf57f55cba44fb043549e79783a5) Importer(2089858483,b0f066a214c2f5e87bad3c948f4d605d) (ScriptedImporter) -> (artifact id: '0506ac1a81154a33b472dc5430c2c263') in 0.108398 seconds
Number of updated asset objects reloaded before import = 0Number of asset objects unloaded after import = 10

========================================================================
Received Import Request.
  Time since last request: 0.000071 seconds.
  path: Assets/TirgamesAssets/Factory/Scenes/FactoryDay/Lightmap-0_comp_dir.png
  artifactKey: Guid(a5a8f877d7ec8fd4e87e692737b93008) Importer(2089858483,b0f066a214c2f5e87bad3c948f4d605d)
Start importing Assets/TirgamesAssets/Factory/Scenes/FactoryDay/Lightmap-0_comp_dir.png using Guid(a5a8f877d7ec8fd4e87e692737b93008) Importer(2089858483,b0f066a214c2f5e87bad3c948f4d605d) (ScriptedImporter) -> (artifact id: '1166eac61042472524dc97757f9d92bd') in 0.1243579 seconds
Number of updated asset objects reloaded before import = 0Number of asset objects unloaded after import = 1

========================================================================
Received Import Request.
  Time since last request: 0.000040 seconds.
  path: Assets/TirgamesAssets/Factory/Textures/PowerBox02_1Metallic.png
  artifactKey: Guid(5d848bfd8c90be5428d72c452e5d7fcc) Importer(2089858483,b0f066a214c2f5e87bad3c948f4d605d)
Start importing Assets/TirgamesAssets/Factory/Textures/PowerBox02_1Metallic.png using Guid(5d848bfd8c90be5428d72c452e5d7fcc) Importer(2089858483,b0f066a214c2f5e87bad3c948f4d605d) (ScriptedImporter) -> (artifact id: 'e60a104c2b386a0602cedfc023785a8e') in 0.05168 seconds
Number of updated asset objects reloaded before import = 0Number of asset objects unloaded after import = 1

========================================================================
Received Import Request.
  Time since last request: 0.000028 seconds.
  path: Assets/TirgamesAssets/Factory/Textures/Crane01.png
  artifactKey: Guid(be462d97672b3dc469d93d961ab3fce4) Importer(2089858483,b0f066a214c2f5e87bad3c948f4d605d)
Start importing Assets/TirgamesAssets/Factory/Textures/Crane01.png using Guid(be462d97672b3dc469d93d961ab3fce4) Importer(2089858483,b0f066a214c2f5e87bad3c948f4d605d) (ScriptedImporter) -> (artifact id: 'ee7c71e3121b3b02a12d18b3bd7a6fff') in 0.0272483 seconds
Number of updated asset objects reloaded before import = 0Number of asset objects unloaded after import = 1

========================================================================
Received Import Request.
  Time since last request: 0.000046 seconds.
  path: Assets/TirgamesAssets/Factory/Prefabs/FireExtinguisher01_1.prefab
  artifactKey: Guid(1c3f402cd419c25459ccbf0924793e25) Importer(2089858483,b0f066a214c2f5e87bad3c948f4d605d)
Start importing Assets/TirgamesAssets/Factory/Prefabs/FireExtinguisher01_1.prefab using Guid(1c3f402cd419c25459ccbf0924793e25) Importer(2089858483,b0f066a214c2f5e87bad3c948f4d605d) (ScriptedImporter) -> (artifact id: '08c2f3d5e6a7ee1de3f27ccd3dca99d7') in 0.1086718 seconds
Number of updated asset objects reloaded before import = 0Number of asset objects unloaded after import = 9

========================================================================
Received Import Request.
  Time since last request: 0.000057 seconds.
  path: Assets/Kevin Iglesias/Human Character Dummy/Prefabs/HumanDummy_M Blue.prefab
  artifactKey: Guid(6ce2ca4393664d6458bbda59da45f5a3) Importer(2089858483,b0f066a214c2f5e87bad3c948f4d605d)
Start importing Assets/Kevin Iglesias/Human Character Dummy/Prefabs/HumanDummy_M Blue.prefab using Guid(6ce2ca4393664d6458bbda59da45f5a3) Importer(2089858483,b0f066a214c2f5e87bad3c948f4d605d) (ScriptedImporter) -> (artifact id: 'fe355a5fb1b7effdd119a2d9eae70e24') in 0.0893593 seconds
Number of updated asset objects reloaded before import = 0Number of asset objects unloaded after import = 246

========================================================================
Received Import Request.
  Time since last request: 0.000079 seconds.
  path: Assets/TirgamesAssets/Factory/Prefabs/DecalX1Y1.prefab
  artifactKey: Guid(47f23813c4ff0af42a6e5a013b8e4951) Importer(2089858483,b0f066a214c2f5e87bad3c948f4d605d)
Start importing Assets/TirgamesAssets/Factory/Prefabs/DecalX1Y1.prefab using Guid(47f23813c4ff0af42a6e5a013b8e4951) Importer(2089858483,b0f066a214c2f5e87bad3c948f4d605d) (ScriptedImporter) -> (artifact id: '82bd414c2100e0c722306a5ff6218e21') in 0.0922844 seconds
Number of updated asset objects reloaded before import = 0Number of asset objects unloaded after import = 8

========================================================================
Received Import Request.
  Time since last request: 0.000056 seconds.
  path: Assets/TirgamesAssets/Factory/Prefabs/Factory1Column02.prefab
  artifactKey: Guid(32bf4850ef16b3c41ace0630c2c40864) Importer(2089858483,b0f066a214c2f5e87bad3c948f4d605d)
Start importing Assets/TirgamesAssets/Factory/Prefabs/Factory1Column02.prefab using Guid(32bf4850ef16b3c41ace0630c2c40864) Importer(2089858483,b0f066a214c2f5e87bad3c948f4d605d) (ScriptedImporter) -> (artifact id: 'a9539f8abae349402c5859a73bdf3439') in 0.0771428 seconds
Number of updated asset objects reloaded before import = 0Number of asset objects unloaded after import = 9

========================================================================
Received Import Request.
  Time since last request: 0.000060 seconds.
  path: Assets/TirgamesAssets/Factory/Models/Materials/PowerBox01_2.mat
  artifactKey: Guid(c96208a3270776d4f966041421b67c7c) Importer(2089858483,b0f066a214c2f5e87bad3c948f4d605d)
Start importing Assets/TirgamesAssets/Factory/Models/Materials/PowerBox01_2.mat using Guid(c96208a3270776d4f966041421b67c7c) Importer(2089858483,b0f066a214c2f5e87bad3c948f4d605d) (ScriptedImporter) -> (artifact id: 'f4ec3a577c7b90815cc19d4531474cd4') in 0.1828866 seconds
Number of updated asset objects reloaded before import = 0Number of asset objects unloaded after import = 5

========================================================================
Received Import Request.
  Time since last request: 0.000041 seconds.
  path: Assets/TirgamesAssets/Factory/Textures/Motor01.png
  artifactKey: Guid(7d046a2a0e2449548a667fcd0f3ad37c) Importer(2089858483,b0f066a214c2f5e87bad3c948f4d605d)
Start importing Assets/TirgamesAssets/Factory/Textures/Motor01.png using Guid(7d046a2a0e2449548a667fcd0f3ad37c) Importer(2089858483,b0f066a214c2f5e87bad3c948f4d605d) (ScriptedImporter) -> (artifact id: 'dd5365a13bc06a963be731fed7c945bf') in 0.0526502 seconds
Number of updated asset objects reloaded before import = 0Number of asset objects unloaded after import = 1

========================================================================
Received Import Request.
  Time since last request: 0.000081 seconds.
  path: Assets/TirgamesAssets/Factory/Scenes/FactoryDay_Profiles
  artifactKey: Guid(2e783513be0c4c54fb75b3b09d12bdc1) Importer(2089858483,b0f066a214c2f5e87bad3c948f4d605d)
Start importing Assets/TirgamesAssets/Factory/Scenes/FactoryDay_Profiles using Guid(2e783513be0c4c54fb75b3b09d12bdc1) Importer(2089858483,b0f066a214c2f5e87bad3c948f4d605d) (ScriptedImporter) -> (artifact id: '85427821918bf1a1e046eeaa1bf8d28b') in 0.0221582 seconds
Number of updated asset objects reloaded before import = 0Number of asset objects unloaded after import = 1

========================================================================
Received Import Request.
  Time since last request: 0.000026 seconds.
  path: Assets/TirgamesAssets/Factory/Scenes/FactoryNight/Lightmap-0_comp_light.exr
  artifactKey: Guid(72b9ad291583902478129a1e301801bf) Importer(2089858483,b0f066a214c2f5e87bad3c948f4d605d)
Start importing Assets/TirgamesAssets/Factory/Scenes/FactoryNight/Lightmap-0_comp_light.exr using Guid(72b9ad291583902478129a1e301801bf) Importer(2089858483,b0f066a214c2f5e87bad3c948f4d605d) (ScriptedImporter) -> (artifact id: 'cbed9a9d1e1ab47af7ed286de0c8316a') in 0.049417 seconds
Number of updated asset objects reloaded before import = 0Number of asset objects unloaded after import = 1

========================================================================
Received Import Request.
  Time since last request: 0.000031 seconds.
  path: Assets/TirgamesAssets/Factory/PhysicsMaterials/PhyConcrete.physicMaterial
  artifactKey: Guid(eeaff882b8439664aba34120adce5a20) Importer(2089858483,b0f066a214c2f5e87bad3c948f4d605d)
Start importing Assets/TirgamesAssets/Factory/PhysicsMaterials/PhyConcrete.physicMaterial using Guid(eeaff882b8439664aba34120adce5a20) Importer(2089858483,b0f066a214c2f5e87bad3c948f4d605d) (ScriptedImporter) -> (artifact id: '4e91fbb112333b2976c86230b28dc312') in 0.0387376 seconds
Number of updated asset objects reloaded before import = 0Number of asset objects unloaded after import = 1

========================================================================
Received Import Request.
  Time since last request: 0.000044 seconds.
  path: Assets/TirgamesAssets/Factory/Models/Debris01_5.FBX
  artifactKey: Guid(efbfffa3f4c079a48a28140700711aa4) Importer(2089858483,b0f066a214c2f5e87bad3c948f4d605d)
Start importing Assets/TirgamesAssets/Factory/Models/Debris01_5.FBX using Guid(efbfffa3f4c079a48a28140700711aa4) Importer(2089858483,b0f066a214c2f5e87bad3c948f4d605d) (ScriptedImporter) -> (artifact id: '92bfd756cba73d5b32219d60540b0cd5') in 0.0587828 seconds
Number of updated asset objects reloaded before import = 0Number of asset objects unloaded after import = 9

========================================================================
Received Import Request.
  Time since last request: 0.000044 seconds.
  path: Assets/TirgamesAssets/Factory/Models/Debris01_7.FBX
  artifactKey: Guid(20309052f5ffd1047a0915741d889ba5) Importer(2089858483,b0f066a214c2f5e87bad3c948f4d605d)
Start importing Assets/TirgamesAssets/Factory/Models/Debris01_7.FBX using Guid(20309052f5ffd1047a0915741d889ba5) Importer(2089858483,b0f066a214c2f5e87bad3c948f4d605d) (ScriptedImporter) -> (artifact id: '9efe4941f410a58ad2dd7ed99b7b5384') in 0.0334648 seconds
Number of updated asset objects reloaded before import = 0Number of asset objects unloaded after import = 8

========================================================================
Received Import Request.
  Time since last request: 0.000036 seconds.
  path: Assets/TirgamesAssets/Factory/Textures/FanBig01_Metallic.png
  artifactKey: Guid(5c94475e950a65a46a1b3f6fd944726b) Importer(2089858483,b0f066a214c2f5e87bad3c948f4d605d)
Start importing Assets/TirgamesAssets/Factory/Textures/FanBig01_Metallic.png using Guid(5c94475e950a65a46a1b3f6fd944726b) Importer(2089858483,b0f066a214c2f5e87bad3c948f4d605d) (ScriptedImporter) -> (artifact id: 'b5f94bb25f74f889da23420d9316b3c8') in 0.0641238 seconds
Number of updated asset objects reloaded before import = 0Number of asset objects unloaded after import = 1

========================================================================
Received Import Request.
  Time since last request: 0.000045 seconds.
  path: Assets/TirgamesAssets/Factory/Models/Factory2Columns01.FBX
  artifactKey: Guid(291c851f11b708e468a409a3155a8557) Importer(2089858483,b0f066a214c2f5e87bad3c948f4d605d)
Start importing Assets/TirgamesAssets/Factory/Models/Factory2Columns01.FBX using Guid(291c851f11b708e468a409a3155a8557) Importer(2089858483,b0f066a214c2f5e87bad3c948f4d605d) (ScriptedImporter) -> (artifact id: 'fd0e42805abc10278cfa2ecea926c274') in 0.0561154 seconds
Number of updated asset objects reloaded before import = 0Number of asset objects unloaded after import = 9

========================================================================
Received Import Request.
  Time since last request: 0.000033 seconds.
  path: Assets/TirgamesAssets/Factory/Textures/CommonGlass01.png
  artifactKey: Guid(a7be0848cbae85f4a9c13402d8392c30) Importer(2089858483,b0f066a214c2f5e87bad3c948f4d605d)
Start importing Assets/TirgamesAssets/Factory/Textures/CommonGlass01.png using Guid(a7be0848cbae85f4a9c13402d8392c30) Importer(2089858483,b0f066a214c2f5e87bad3c948f4d605d) (ScriptedImporter) -> (artifact id: '40a9215e77f165f8ebf51fad1a80ccc4') in 0.046266 seconds
Number of updated asset objects reloaded before import = 0Number of asset objects unloaded after import = 1

========================================================================
Received Import Request.
  Time since last request: 0.000031 seconds.
  path: Assets/TirgamesAssets/Factory/Scenes/FactoryNight.unity
  artifactKey: Guid(88b57fe4c076c5149bffb0a257a20ee1) Importer(2089858483,b0f066a214c2f5e87bad3c948f4d605d)
Start importing Assets/TirgamesAssets/Factory/Scenes/FactoryNight.unity using Guid(88b57fe4c076c5149bffb0a257a20ee1) Importer(2089858483,b0f066a214c2f5e87bad3c948f4d605d) (ScriptedImporter) -> (artifact id: '8f65c2e6ae08e80c2765ed5018d0e111') in 0.0679732 seconds
Number of updated asset objects reloaded before import = 0Number of asset objects unloaded after import = 1

========================================================================
Received Import Request.
  Time since last request: 0.000046 seconds.
  path: Assets/TirgamesAssets/Factory/Textures/Motor01_NM.png
  artifactKey: Guid(78e35816fd47ffd4da477ce945ed6114) Importer(2089858483,b0f066a214c2f5e87bad3c948f4d605d)
Start importing Assets/TirgamesAssets/Factory/Textures/Motor01_NM.png using Guid(78e35816fd47ffd4da477ce945ed6114) Importer(2089858483,b0f066a214c2f5e87bad3c948f4d605d) (ScriptedImporter) -> (artifact id: '22715530e14d55fbdb7687433621bc05') in 0.0576445 seconds
Number of updated asset objects reloaded before import = 0Number of asset objects unloaded after import = 1

========================================================================
Received Import Request.
  Time since last request: 0.000033 seconds.
  path: Assets/TirgamesAssets/Factory/Textures/FanBig01_AO.png
  artifactKey: Guid(40a2506323686d04384e050e68c29703) Importer(2089858483,b0f066a214c2f5e87bad3c948f4d605d)
Start importing Assets/TirgamesAssets/Factory/Textures/FanBig01_AO.png using Guid(40a2506323686d04384e050e68c29703) Importer(2089858483,b0f066a214c2f5e87bad3c948f4d605d) (ScriptedImporter) -> (artifact id: '0dd625c9ef342a22dad65585626a689b') in 0.0535729 seconds
Number of updated asset objects reloaded before import = 0Number of asset objects unloaded after import = 1

========================================================================
Received Import Request.
  Time since last request: 0.000043 seconds.
  path: Assets/TirgamesAssets/Factory/Textures/LargeGates2Metallic.png
  artifactKey: Guid(0237bba49d42ea8458d9f4f140f1d699) Importer(2089858483,b0f066a214c2f5e87bad3c948f4d605d)
Start importing Assets/TirgamesAssets/Factory/Textures/LargeGates2Metallic.png using Guid(0237bba49d42ea8458d9f4f140f1d699) Importer(2089858483,b0f066a214c2f5e87bad3c948f4d605d) (ScriptedImporter) -> (artifact id: '82ff7370bd27573bcda7d7580cdd322c') in 0.0587455 seconds
Number of updated asset objects reloaded before import = 0Number of asset objects unloaded after import = 1

========================================================================
Received Import Request.
  Time since last request: 0.000066 seconds.
  path: Assets/TirgamesAssets/Factory/Models/Materials/CommonMetalDiamond01.mat
  artifactKey: Guid(a1916aacb9af66e42b9cf1be13c0080d) Importer(2089858483,b0f066a214c2f5e87bad3c948f4d605d)
Start importing Assets/TirgamesAssets/Factory/Models/Materials/CommonMetalDiamond01.mat using Guid(a1916aacb9af66e42b9cf1be13c0080d) Importer(2089858483,b0f066a214c2f5e87bad3c948f4d605d) (ScriptedImporter) -> (artifact id: '245dc21ca013d461e3950aae28d70cde') in 0.1146957 seconds
Number of updated asset objects reloaded before import = 0Number of asset objects unloaded after import = 4

========================================================================
Received Import Request.
  Time since last request: 0.000039 seconds.
  path: Assets/TirgamesAssets/Factory/Textures/LargeGates1NM.png
  artifactKey: Guid(7a778c1a8c2107844a948b8a7c9b10da) Importer(2089858483,b0f066a214c2f5e87bad3c948f4d605d)
Start importing Assets/TirgamesAssets/Factory/Textures/LargeGates1NM.png using Guid(7a778c1a8c2107844a948b8a7c9b10da) Importer(2089858483,b0f066a214c2f5e87bad3c948f4d605d) (ScriptedImporter) -> (artifact id: '77733671f6dc782821edb9ead8ea7860') in 0.0570493 seconds
Number of updated asset objects reloaded before import = 0Number of asset objects unloaded after import = 1

========================================================================
Received Import Request.
  Time since last request: 0.000052 seconds.
  path: Assets/TirgamesAssets/Factory/Models/Factory1RoofBase02.FBX
  artifactKey: Guid(2f8267db9a554e24290063c16e64f8d1) Importer(2089858483,b0f066a214c2f5e87bad3c948f4d605d)
Start importing Assets/TirgamesAssets/Factory/Models/Factory1RoofBase02.FBX using Guid(2f8267db9a554e24290063c16e64f8d1) Importer(2089858483,b0f066a214c2f5e87bad3c948f4d605d) (ScriptedImporter) -> (artifact id: '4f60b26a9468308ea33e7935af7f3d52') in 0.0328062 seconds
Number of updated asset objects reloaded before import = 0Number of asset objects unloaded after import = 8

========================================================================
Received Import Request.
  Time since last request: 0.000039 seconds.
  path: Assets/Kevin Iglesias/Human Character Dummy/Prefabs/HumanDummy_M Yellow.prefab
  artifactKey: Guid(75f582752a9a5774dbabd596a75f7bd0) Importer(2089858483,b0f066a214c2f5e87bad3c948f4d605d)
Start importing Assets/Kevin Iglesias/Human Character Dummy/Prefabs/HumanDummy_M Yellow.prefab using Guid(75f582752a9a5774dbabd596a75f7bd0) Importer(2089858483,b0f066a214c2f5e87bad3c948f4d605d) (ScriptedImporter) -> (artifact id: '927da9e353340eafb6331eb283cdbee0') in 0.0562222 seconds
Number of updated asset objects reloaded before import = 0Number of asset objects unloaded after import = 246

========================================================================
Received Import Request.
  Time since last request: 0.000039 seconds.
  path: Assets/TirgamesAssets/Factory/Prefabs/FireExtinguisher01_2.prefab
  artifactKey: Guid(a374f229b771eaa4886cbe9a20784361) Importer(2089858483,b0f066a214c2f5e87bad3c948f4d605d)
Start importing Assets/TirgamesAssets/Factory/Prefabs/FireExtinguisher01_2.prefab using Guid(a374f229b771eaa4886cbe9a20784361) Importer(2089858483,b0f066a214c2f5e87bad3c948f4d605d) (ScriptedImporter) -> (artifact id: 'd08b4cfc017197e808829e631b20c2d2') in 0.0713958 seconds
Number of updated asset objects reloaded before import = 0Number of asset objects unloaded after import = 9

========================================================================
Received Import Request.
  Time since last request: 0.000066 seconds.
  path: Assets/TirgamesAssets/Factory/Models/Materials/PowerBox02_2.mat
  artifactKey: Guid(b66165e8a4c9fc349a63a61801b0f57e) Importer(2089858483,b0f066a214c2f5e87bad3c948f4d605d)
Start importing Assets/TirgamesAssets/Factory/Models/Materials/PowerBox02_2.mat using Guid(b66165e8a4c9fc349a63a61801b0f57e) Importer(2089858483,b0f066a214c2f5e87bad3c948f4d605d) (ScriptedImporter) -> (artifact id: 'f7ccf21947f2defebce286a5e0322be8') in 0.077053 seconds
Number of updated asset objects reloaded before import = 0Number of asset objects unloaded after import = 4

========================================================================
Received Import Request.
  Time since last request: 0.000073 seconds.
  path: Assets/TirgamesAssets/Factory/Models/Materials/LargeGates2.mat
  artifactKey: Guid(612d34b295c29fa448c47c5315579d2f) Importer(2089858483,b0f066a214c2f5e87bad3c948f4d605d)
Start importing Assets/TirgamesAssets/Factory/Models/Materials/LargeGates2.mat using Guid(612d34b295c29fa448c47c5315579d2f) Importer(2089858483,b0f066a214c2f5e87bad3c948f4d605d) (ScriptedImporter) -> (artifact id: '67a8180f58d10f9347adc53ad4dd1a5c') in 0.0780107 seconds
Number of updated asset objects reloaded before import = 0Number of asset objects unloaded after import = 4

========================================================================
Received Import Request.
  Time since last request: 0.000054 seconds.
  path: Assets/TirgamesAssets/Factory/Textures/Barrels02.png
  artifactKey: Guid(4dd8acb2c5d265e479b2a430f53db26f) Importer(2089858483,b0f066a214c2f5e87bad3c948f4d605d)
Start importing Assets/TirgamesAssets/Factory/Textures/Barrels02.png using Guid(4dd8acb2c5d265e479b2a430f53db26f) Importer(2089858483,b0f066a214c2f5e87bad3c948f4d605d) (ScriptedImporter) -> (artifact id: '30e8e74ecbd45f548070b42f092c178a') in 0.0319017 seconds
Number of updated asset objects reloaded before import = 0Number of asset objects unloaded after import = 1

========================================================================
Received Import Request.
  Time since last request: 0.000058 seconds.
  path: Assets/TirgamesAssets/Factory/Environment/SkyBoxes/Textures/SkyIndustrial01BackNight.png
  artifactKey: Guid(9525e92fce0f8744780a160bac0dc06d) Importer(2089858483,b0f066a214c2f5e87bad3c948f4d605d)
Start importing Assets/TirgamesAssets/Factory/Environment/SkyBoxes/Textures/SkyIndustrial01BackNight.png using Guid(9525e92fce0f8744780a160bac0dc06d) Importer(2089858483,b0f066a214c2f5e87bad3c948f4d605d) (ScriptedImporter) -> (artifact id: 'b05be39b1548e4bb164fb52d368dabf7') in 0.0319857 seconds
Number of updated asset objects reloaded before import = 0Number of asset objects unloaded after import = 1

========================================================================
Received Import Request.
  Time since last request: 0.000025 seconds.
  path: Assets/TirgamesAssets/Factory/Textures/PowerBox02_2Metallic.png
  artifactKey: Guid(33ee4baa8b33bb24581946b71493f51d) Importer(2089858483,b0f066a214c2f5e87bad3c948f4d605d)
Start importing Assets/TirgamesAssets/Factory/Textures/PowerBox02_2Metallic.png using Guid(33ee4baa8b33bb24581946b71493f51d) Importer(2089858483,b0f066a214c2f5e87bad3c948f4d605d) (ScriptedImporter) -> (artifact id: '42d3485723f75e0cf7c61879792cd7c0') in 0.0258267 seconds
Number of updated asset objects reloaded before import = 0Number of asset objects unloaded after import = 1

========================================================================
Received Import Request.
  Time since last request: 0.000031 seconds.
  path: Assets/TirgamesAssets/Factory/Models/Factory1Stairs06.FBX
  artifactKey: Guid(46d371d485f16eb4a96ec39fd7265a38) Importer(2089858483,b0f066a214c2f5e87bad3c948f4d605d)
Start importing Assets/TirgamesAssets/Factory/Models/Factory1Stairs06.FBX using Guid(46d371d485f16eb4a96ec39fd7265a38) Importer(2089858483,b0f066a214c2f5e87bad3c948f4d605d) (ScriptedImporter) -> (artifact id: '9642a290eac8a97301df2a260f342e26') in 0.043875 seconds
Number of updated asset objects reloaded before import = 0Number of asset objects unloaded after import = 9

========================================================================
Received Import Request.
  Time since last request: 0.000081 seconds.
  path: Assets/TirgamesAssets/Factory/Scenes/FactoryDay/Lightmap-3_comp_light.exr
  artifactKey: Guid(41bd45eea73f61d42b5ac76de425ac10) Importer(2089858483,b0f066a214c2f5e87bad3c948f4d605d)
Start importing Assets/TirgamesAssets/Factory/Scenes/FactoryDay/Lightmap-3_comp_light.exr using Guid(41bd45eea73f61d42b5ac76de425ac10) Importer(2089858483,b0f066a214c2f5e87bad3c948f4d605d) (ScriptedImporter) -> (artifact id: 'd7000703b907bfec45cc0552e32c8237') in 0.0412687 seconds
Number of updated asset objects reloaded before import = 0Number of asset objects unloaded after import = 1

========================================================================
Received Import Request.
  Time since last request: 0.000029 seconds.
  path: Assets/TirgamesAssets/Factory/Scenes/FactoryDay.unity
  artifactKey: Guid(3695dfa29624f624fab36780384e3387) Importer(2089858483,b0f066a214c2f5e87bad3c948f4d605d)
Start importing Assets/TirgamesAssets/Factory/Scenes/FactoryDay.unity using Guid(3695dfa29624f624fab36780384e3387) Importer(2089858483,b0f066a214c2f5e87bad3c948f4d605d) (ScriptedImporter) -> (artifact id: '0ff755e0b39bae53f0807b010b9e2352') in 0.0565972 seconds
Number of updated asset objects reloaded before import = 0Number of asset objects unloaded after import = 1

========================================================================
Received Import Request.
  Time since last request: 0.000026 seconds.
  path: Assets/TirgamesAssets/Factory/Prefabs/Factory1Stairs04.prefab
  artifactKey: Guid(6a5bede2b731a0044949586a597664dd) Importer(2089858483,b0f066a214c2f5e87bad3c948f4d605d)
Start importing Assets/TirgamesAssets/Factory/Prefabs/Factory1Stairs04.prefab using Guid(6a5bede2b731a0044949586a597664dd) Importer(2089858483,b0f066a214c2f5e87bad3c948f4d605d) (ScriptedImporter) -> (artifact id: '299e1ed36d491fc1daffdc90d8e00bc0') in 0.0657528 seconds
Number of updated asset objects reloaded before import = 0Number of asset objects unloaded after import = 17

========================================================================
Received Import Request.
  Time since last request: 0.000067 seconds.
  path: Assets/TirgamesAssets/Factory/Textures/CommonBricks01.png
  artifactKey: Guid(0d335de6859af884890775846cafbbb5) Importer(2089858483,b0f066a214c2f5e87bad3c948f4d605d)
Start importing Assets/TirgamesAssets/Factory/Textures/CommonBricks01.png using Guid(0d335de6859af884890775846cafbbb5) Importer(2089858483,b0f066a214c2f5e87bad3c948f4d605d) (ScriptedImporter) -> (artifact id: 'eafc2d601c0abf2eb90483307665dd0a') in 0.0331289 seconds
Number of updated asset objects reloaded before import = 0Number of asset objects unloaded after import = 1

========================================================================
Received Import Request.
  Time since last request: 0.000024 seconds.
  path: Assets/AssetsStore/Warehouse/Assets/Meshes
  artifactKey: Guid(413fdd35429d5f94eac3af5614882944) Importer(2089858483,b0f066a214c2f5e87bad3c948f4d605d)
Start importing Assets/AssetsStore/Warehouse/Assets/Meshes using Guid(413fdd35429d5f94eac3af5614882944) Importer(2089858483,b0f066a214c2f5e87bad3c948f4d605d) (ScriptedImporter) -> (artifact id: '0fda0629f40f245f03dd6ae2685fb69e') in 0.0164366 seconds
Number of updated asset objects reloaded before import = 0Number of asset objects unloaded after import = 1

========================================================================
Received Import Request.
  Time since last request: 0.000033 seconds.
  path: Assets/AssetsStore/Warehouse/Assets/Textures/warehouse_1_AlbedoTransparency.tga
  artifactKey: Guid(2a58b8eb8c1cdcc4f8fe6e14350d0a01) Importer(2089858483,b0f066a214c2f5e87bad3c948f4d605d)
Start importing Assets/AssetsStore/Warehouse/Assets/Textures/warehouse_1_AlbedoTransparency.tga using Guid(2a58b8eb8c1cdcc4f8fe6e14350d0a01) Importer(2089858483,b0f066a214c2f5e87bad3c948f4d605d) (ScriptedImporter) -> (artifact id: '92dbef322e89a0e4bc11660aac98702c') in 0.0335252 seconds
Number of updated asset objects reloaded before import = 0Number of asset objects unloaded after import = 1

========================================================================
Received Import Request.
  Time since last request: 0.000072 seconds.
  path: Assets/TirgamesAssets/Factory/Scenes/FactoryNight/Lightmap-0_comp_dir.png
  artifactKey: Guid(57f7f29afa7b06a4ea8886d8c3dc4515) Importer(2089858483,b0f066a214c2f5e87bad3c948f4d605d)
Start importing Assets/TirgamesAssets/Factory/Scenes/FactoryNight/Lightmap-0_comp_dir.png using Guid(57f7f29afa7b06a4ea8886d8c3dc4515) Importer(2089858483,b0f066a214c2f5e87bad3c948f4d605d) (ScriptedImporter) -> (artifact id: '134af6014b0d7f519f728026a5e4ac38') in 0.0521747 seconds
Number of updated asset objects reloaded before import = 0Number of asset objects unloaded after import = 1

========================================================================
Received Import Request.
  Time since last request: 0.000039 seconds.
  path: Assets/AssetsStore/Warehouse
  artifactKey: Guid(7c9da49e0b2580c48be3db6a561d19d5) Importer(2089858483,b0f066a214c2f5e87bad3c948f4d605d)
Start importing Assets/AssetsStore/Warehouse using Guid(7c9da49e0b2580c48be3db6a561d19d5) Importer(2089858483,b0f066a214c2f5e87bad3c948f4d605d) (ScriptedImporter) -> (artifact id: 'bf67ec04c7949308a694c0ce6ffd7c78') in 0.0198519 seconds
Number of updated asset objects reloaded before import = 0Number of asset objects unloaded after import = 1

========================================================================
Received Import Request.
  Time since last request: 0.000035 seconds.
  path: Assets/TirgamesAssets/Factory/Prefabs/Factory1Stairs07.prefab
  artifactKey: Guid(f408bb1102049ad4abaee7b30fd52c5a) Importer(2089858483,b0f066a214c2f5e87bad3c948f4d605d)
Start importing Assets/TirgamesAssets/Factory/Prefabs/Factory1Stairs07.prefab using Guid(f408bb1102049ad4abaee7b30fd52c5a) Importer(2089858483,b0f066a214c2f5e87bad3c948f4d605d) (ScriptedImporter) -> (artifact id: '7e9c8cfc0bc702cf8a04b54aaa34c88b') in 0.0639946 seconds
Number of updated asset objects reloaded before import = 0Number of asset objects unloaded after import = 11

========================================================================
Received Import Request.
  Time since last request: 0.000078 seconds.
  path: Assets/TirgamesAssets/Factory/Prefabs/Factory1Stairs01.prefab
  artifactKey: Guid(c5c41937c51018d4a9f4837ad25b5685) Importer(2089858483,b0f066a214c2f5e87bad3c948f4d605d)
Start importing Assets/TirgamesAssets/Factory/Prefabs/Factory1Stairs01.prefab using Guid(c5c41937c51018d4a9f4837ad25b5685) Importer(2089858483,b0f066a214c2f5e87bad3c948f4d605d) (ScriptedImporter) -> (artifact id: '77efa0986a372ccf4e6d0d86acd48008') in 0.0756814 seconds
Number of updated asset objects reloaded before import = 0Number of asset objects unloaded after import = 11

========================================================================
Received Import Request.
  Time since last request: 0.000039 seconds.
  path: Assets/TirgamesAssets/Factory/Models/Materials/FanBig01.mat
  artifactKey: Guid(175bbf69c16546c46a5650d222c75c5a) Importer(2089858483,b0f066a214c2f5e87bad3c948f4d605d)
Start importing Assets/TirgamesAssets/Factory/Models/Materials/FanBig01.mat using Guid(175bbf69c16546c46a5650d222c75c5a) Importer(2089858483,b0f066a214c2f5e87bad3c948f4d605d) (ScriptedImporter) -> (artifact id: 'a8b99fd0d078852685d47b8a75c30a70') in 0.0370312 seconds
Number of updated asset objects reloaded before import = 0Number of asset objects unloaded after import = 5

========================================================================
Received Import Request.
  Time since last request: 0.000048 seconds.
  path: Assets/Prefabs/Pickups/CoinMaterial.mat
  artifactKey: Guid(e0a78b5640edcbe48af706be208c415b) Importer(2089858483,b0f066a214c2f5e87bad3c948f4d605d)
Start importing Assets/Prefabs/Pickups/CoinMaterial.mat using Guid(e0a78b5640edcbe48af706be208c415b) Importer(2089858483,b0f066a214c2f5e87bad3c948f4d605d) (ScriptedImporter) -> (artifact id: 'b46ec2d044452eb80bc037b98ff86d2a') in 0.0418653 seconds
Number of updated asset objects reloaded before import = 0Number of asset objects unloaded after import = 1

========================================================================
Received Import Request.
  Time since last request: 0.000066 seconds.
  path: Assets/TirgamesAssets/Factory/Environment/SkyBoxes/Materials/SkyBoxIndustrial01.mat
  artifactKey: Guid(5be2e02600bf76e4dba04161f25d972a) Importer(2089858483,b0f066a214c2f5e87bad3c948f4d605d)
Start importing Assets/TirgamesAssets/Factory/Environment/SkyBoxes/Materials/SkyBoxIndustrial01.mat using Guid(5be2e02600bf76e4dba04161f25d972a) Importer(2089858483,b0f066a214c2f5e87bad3c948f4d605d) (ScriptedImporter) -> (artifact id: '381bcfe697bfc4c3f96c98fcd8d2d854') in 0.1120333 seconds
Number of updated asset objects reloaded before import = 0Number of asset objects unloaded after import = 7

========================================================================
Received Import Request.
  Time since last request: 0.000041 seconds.
  path: Assets/KoreanTraditionalPattern_Effect/Materials/Fly/Fly10-05/Trail_Light_02.mat
  artifactKey: Guid(120b1f431d887c24abeffe14b14dedaa) Importer(2089858483,b0f066a214c2f5e87bad3c948f4d605d)
Start importing Assets/KoreanTraditionalPattern_Effect/Materials/Fly/Fly10-05/Trail_Light_02.mat using Guid(120b1f431d887c24abeffe14b14dedaa) Importer(2089858483,b0f066a214c2f5e87bad3c948f4d605d) (ScriptedImporter) -> (artifact id: 'f457f7aa8d9b906bc4aca0215f0e90bb') in 0.0714897 seconds
Number of updated asset objects reloaded before import = 0Number of asset objects unloaded after import = 8

========================================================================
Received Import Request.
  Time since last request: 0.000099 seconds.
  path: Assets/TirgamesAssets/Factory/Textures/CommonMetalPainted01_NM.png
  artifactKey: Guid(f131fc1a6de53094ab47c4aa65080645) Importer(2089858483,b0f066a214c2f5e87bad3c948f4d605d)
Start importing Assets/TirgamesAssets/Factory/Textures/CommonMetalPainted01_NM.png using Guid(f131fc1a6de53094ab47c4aa65080645) Importer(2089858483,b0f066a214c2f5e87bad3c948f4d605d) (ScriptedImporter) -> (artifact id: '98d21a5f21b9338dcf0fd3dec7ea5e80') in 0.0626864 seconds
Number of updated asset objects reloaded before import = 0Number of asset objects unloaded after import = 1

========================================================================
Received Import Request.
  Time since last request: 0.000035 seconds.
  path: Assets/TirgamesAssets/Factory/Models/Materials/MetalCabinet01.mat
  artifactKey: Guid(1bf209d58c7e04240b09da3d68057626) Importer(2089858483,b0f066a214c2f5e87bad3c948f4d605d)
Start importing Assets/TirgamesAssets/Factory/Models/Materials/MetalCabinet01.mat using Guid(1bf209d58c7e04240b09da3d68057626) Importer(2089858483,b0f066a214c2f5e87bad3c948f4d605d) (ScriptedImporter) -> (artifact id: '7ca9c78deba0a7eef621064ad7d89bb6') in 0.1250575 seconds
Number of updated asset objects reloaded before import = 0Number of asset objects unloaded after import = 5

========================================================================
Received Import Request.
  Time since last request: 0.000057 seconds.
  path: Assets/TirgamesAssets/Factory/Models/Materials/CommonConcreteWall02.mat
  artifactKey: Guid(586ce539a62d1a4409ecb060bd1b3bbf) Importer(2089858483,b0f066a214c2f5e87bad3c948f4d605d)
Start importing Assets/TirgamesAssets/Factory/Models/Materials/CommonConcreteWall02.mat using Guid(586ce539a62d1a4409ecb060bd1b3bbf) Importer(2089858483,b0f066a214c2f5e87bad3c948f4d605d) (ScriptedImporter) -> (artifact id: '0fe844537d5b9a462ea4a39d5691e88d') in 0.1095078 seconds
Number of updated asset objects reloaded before import = 0Number of asset objects unloaded after import = 4

========================================================================
Received Import Request.
  Time since last request: 0.000054 seconds.
  path: Assets/TirgamesAssets/Factory/Prefabs/DecalX3Y1.prefab
  artifactKey: Guid(99b2c4fe210f63f448b7fe5ee4881fa7) Importer(2089858483,b0f066a214c2f5e87bad3c948f4d605d)
Start importing Assets/TirgamesAssets/Factory/Prefabs/DecalX3Y1.prefab using Guid(99b2c4fe210f63f448b7fe5ee4881fa7) Importer(2089858483,b0f066a214c2f5e87bad3c948f4d605d) (ScriptedImporter) -> (artifact id: '24e138d5330c906e339b0f516e040e35') in 0.0740637 seconds
Number of updated asset objects reloaded before import = 0Number of asset objects unloaded after import = 8

========================================================================
Received Import Request.
  Time since last request: 0.000053 seconds.
  path: Assets/TirgamesAssets/Factory/Prefabs/MetalCabinet01_1.prefab
  artifactKey: Guid(08fbf63192859a8478ea10767d582048) Importer(2089858483,b0f066a214c2f5e87bad3c948f4d605d)
Start importing Assets/TirgamesAssets/Factory/Prefabs/MetalCabinet01_1.prefab using Guid(08fbf63192859a8478ea10767d582048) Importer(2089858483,b0f066a214c2f5e87bad3c948f4d605d) (ScriptedImporter) -> (artifact id: '529d1384e4c2d08368a3bd676dac47a8') in 0.0691351 seconds
Number of updated asset objects reloaded before import = 0Number of asset objects unloaded after import = 16

========================================================================
Received Import Request.
  Time since last request: 0.000046 seconds.
  path: Assets/Scripts/Pickups.cs
  artifactKey: Guid(28dd522575ae206418837dd1ddf9a9d5) Importer(2089858483,b0f066a214c2f5e87bad3c948f4d605d)
Start importing Assets/Scripts/Pickups.cs using Guid(28dd522575ae206418837dd1ddf9a9d5) Importer(2089858483,b0f066a214c2f5e87bad3c948f4d605d) (ScriptedImporter) -> (artifact id: '256231c4da7cbe48d857d262b154b1c3') in 0.0224125 seconds
Number of updated asset objects reloaded before import = 0Number of asset objects unloaded after import = 0

========================================================================
Received Import Request.
  Time since last request: 0.000057 seconds.
  path: Assets/TirgamesAssets/Factory/Models/Materials/PowerBox01_1.mat
  artifactKey: Guid(a193cd4614f9a214caf10f6abcd051bd) Importer(2089858483,b0f066a214c2f5e87bad3c948f4d605d)
Start importing Assets/TirgamesAssets/Factory/Models/Materials/PowerBox01_1.mat using Guid(a193cd4614f9a214caf10f6abcd051bd) Importer(2089858483,b0f066a214c2f5e87bad3c948f4d605d) (ScriptedImporter) -> (artifact id: '2a434072dda283d8bb983fa4b005da40') in 0.0800078 seconds
Number of updated asset objects reloaded before import = 0Number of asset objects unloaded after import = 5

========================================================================
Received Import Request.
  Time since last request: 0.000060 seconds.
  path: Assets/Kevin Iglesias/Human Character Dummy/Prefabs/HumanDummy_F Blue.prefab
  artifactKey: Guid(6206c14b6fb53694cb6b0bb8a41fcb9c) Importer(2089858483,b0f066a214c2f5e87bad3c948f4d605d)
Start importing Assets/Kevin Iglesias/Human Character Dummy/Prefabs/HumanDummy_F Blue.prefab using Guid(6206c14b6fb53694cb6b0bb8a41fcb9c) Importer(2089858483,b0f066a214c2f5e87bad3c948f4d605d) (ScriptedImporter) -> (artifact id: '83fe4a111316ae70e56e637894709fd1') in 0.0629685 seconds
Number of updated asset objects reloaded before import = 0Number of asset objects unloaded after import = 246

========================================================================
Received Import Request.
  Time since last request: 0.000069 seconds.
  path: Assets/TirgamesAssets/Factory/Prefabs/Debris01_1.prefab
  artifactKey: Guid(8909eebb69e093445a7f13a7b7d8721b) Importer(2089858483,b0f066a214c2f5e87bad3c948f4d605d)
Start importing Assets/TirgamesAssets/Factory/Prefabs/Debris01_1.prefab using Guid(8909eebb69e093445a7f13a7b7d8721b) Importer(2089858483,b0f066a214c2f5e87bad3c948f4d605d) (ScriptedImporter) -> (artifact id: '8024313dcd7893c83fa2e565dca3f39b') in 0.0805608 seconds
Number of updated asset objects reloaded before import = 0Number of asset objects unloaded after import = 10

========================================================================
Received Import Request.
  Time since last request: 0.000072 seconds.
  path: Assets/TirgamesAssets/Factory/Scenes/FactoryDay_Profiles/PostProcess Profile.asset
  artifactKey: Guid(81d8a0b15c9c91942b4805244e395c6e) Importer(2089858483,b0f066a214c2f5e87bad3c948f4d605d)
Start importing Assets/TirgamesAssets/Factory/Scenes/FactoryDay_Profiles/PostProcess Profile.asset using Guid(81d8a0b15c9c91942b4805244e395c6e) Importer(2089858483,b0f066a214c2f5e87bad3c948f4d605d) (ScriptedImporter) -> (artifact id: 'f7b348d523e8890771220ecde7ebc59d') in 0.0603954 seconds
Number of updated asset objects reloaded before import = 0Number of asset objects unloaded after import = 4

========================================================================
Received Import Request.
  Time since last request: 0.000027 seconds.
  path: Assets/TirgamesAssets/Factory/Textures/MetalCabinet01_Metallic.png
  artifactKey: Guid(ea93dfc713a034043a6f8127764586d3) Importer(2089858483,b0f066a214c2f5e87bad3c948f4d605d)
Start importing Assets/TirgamesAssets/Factory/Textures/MetalCabinet01_Metallic.png using Guid(ea93dfc713a034043a6f8127764586d3) Importer(2089858483,b0f066a214c2f5e87bad3c948f4d605d) (ScriptedImporter) -> (artifact id: 'd96d67278dfa644ea85f6d9205dcd53f') in 0.0340442 seconds
Number of updated asset objects reloaded before import = 0Number of asset objects unloaded after import = 1

========================================================================
Received Import Request.
  Time since last request: 0.000034 seconds.
  path: Assets/TirgamesAssets/Factory/Textures/CommonBricks01_NM.png
  artifactKey: Guid(f1417fbbe27711b4eb90449f14a2f971) Importer(2089858483,b0f066a214c2f5e87bad3c948f4d605d)
Start importing Assets/TirgamesAssets/Factory/Textures/CommonBricks01_NM.png using Guid(f1417fbbe27711b4eb90449f14a2f971) Importer(2089858483,b0f066a214c2f5e87bad3c948f4d605d) (ScriptedImporter) -> (artifact id: '33b683fa9c03cb6f96c09fc7379199e2') in 0.0314066 seconds
Number of updated asset objects reloaded before import = 0Number of asset objects unloaded after import = 1

========================================================================
Received Import Request.
  Time since last request: 0.000049 seconds.
  path: Assets/Characters/SciFi_Space_Soldier/Resources/Weapons/Rifle/Materials/T_Weapon_Rifle_1_M.mat
  artifactKey: Guid(066fb20acbec9ff4fa4c60a5f13260a1) Importer(2089858483,b0f066a214c2f5e87bad3c948f4d605d)
Start importing Assets/Characters/SciFi_Space_Soldier/Resources/Weapons/Rifle/Materials/T_Weapon_Rifle_1_M.mat using Guid(066fb20acbec9ff4fa4c60a5f13260a1) Importer(2089858483,b0f066a214c2f5e87bad3c948f4d605d) (ScriptedImporter) -> (artifact id: 'fc5c9ac868eaab7b30c2aa8058dd7b97') in 0.0625534 seconds
Number of updated asset objects reloaded before import = 0Number of asset objects unloaded after import = 2

========================================================================
Received Import Request.
  Time since last request: 0.000032 seconds.
  path: Assets/TirgamesAssets/Factory/Models/Factory1Column01.FBX
  artifactKey: Guid(5e852d06350b4ce46bc3c66de80c71e1) Importer(2089858483,b0f066a214c2f5e87bad3c948f4d605d)
Start importing Assets/TirgamesAssets/Factory/Models/Factory1Column01.FBX using Guid(5e852d06350b4ce46bc3c66de80c71e1) Importer(2089858483,b0f066a214c2f5e87bad3c948f4d605d) (ScriptedImporter) -> (artifact id: 'f39083ca9021204c8c00f4721cee234e') in 0.0396178 seconds
Number of updated asset objects reloaded before import = 0Number of asset objects unloaded after import = 8

========================================================================
Received Import Request.
  Time since last request: 0.000041 seconds.
  path: Assets/TirgamesAssets/Factory/Textures/DoorIndustrial01.png
  artifactKey: Guid(297b6f1ed4f2ab24db09bea3e23687f9) Importer(2089858483,b0f066a214c2f5e87bad3c948f4d605d)
Start importing Assets/TirgamesAssets/Factory/Textures/DoorIndustrial01.png using Guid(297b6f1ed4f2ab24db09bea3e23687f9) Importer(2089858483,b0f066a214c2f5e87bad3c948f4d605d) (ScriptedImporter) -> (artifact id: '7509ec16d44dadd872a677e807bd4079') in 0.0301174 seconds
Number of updated asset objects reloaded before import = 0Number of asset objects unloaded after import = 1

========================================================================
Received Import Request.
  Time since last request: 0.000059 seconds.
  path: Assets/TirgamesAssets/Factory/Textures/CommonConcrete05.png
  artifactKey: Guid(06e723691b2d76d4ab322516617dd251) Importer(2089858483,b0f066a214c2f5e87bad3c948f4d605d)
Start importing Assets/TirgamesAssets/Factory/Textures/CommonConcrete05.png using Guid(06e723691b2d76d4ab322516617dd251) Importer(2089858483,b0f066a214c2f5e87bad3c948f4d605d) (ScriptedImporter) -> (artifact id: '0d9fde1ccf71851b8393321315a5de46') in 0.0594253 seconds
Number of updated asset objects reloaded before import = 0Number of asset objects unloaded after import = 1

========================================================================
Received Import Request.
  Time since last request: 0.000029 seconds.
  path: Assets/TirgamesAssets/Factory/Scenes/FactoryDay/Lightmap-1_comp_dir.png
  artifactKey: Guid(b451367d53f54134eb506ea560eaab9f) Importer(2089858483,b0f066a214c2f5e87bad3c948f4d605d)
Start importing Assets/TirgamesAssets/Factory/Scenes/FactoryDay/Lightmap-1_comp_dir.png using Guid(b451367d53f54134eb506ea560eaab9f) Importer(2089858483,b0f066a214c2f5e87bad3c948f4d605d) (ScriptedImporter) -> (artifact id: '928cbf819303e1eb4096cfc94361b37a') in 0.0520032 seconds
Number of updated asset objects reloaded before import = 0Number of asset objects unloaded after import = 1

========================================================================
Received Import Request.
  Time since last request: 0.000037 seconds.
  path: Assets/TirgamesAssets/Factory/Textures/MetalCabinet01NM.png
  artifactKey: Guid(2d6ba7e87dd4c304bb1215f359137ec1) Importer(2089858483,b0f066a214c2f5e87bad3c948f4d605d)
Start importing Assets/TirgamesAssets/Factory/Textures/MetalCabinet01NM.png using Guid(2d6ba7e87dd4c304bb1215f359137ec1) Importer(2089858483,b0f066a214c2f5e87bad3c948f4d605d) (ScriptedImporter) -> (artifact id: '9fa2981f5f18cd2e25e50ea3f0063572') in 0.0325793 seconds
Number of updated asset objects reloaded before import = 0Number of asset objects unloaded after import = 1

========================================================================
Received Import Request.
  Time since last request: 0.000048 seconds.
  path: Assets/TirgamesAssets/Factory/Environment/SkyBoxes/Textures/SkyIndustrial01Back.png
  artifactKey: Guid(d9a943eb79979414ca2a25cdad679cf8) Importer(2089858483,b0f066a214c2f5e87bad3c948f4d605d)
Start importing Assets/TirgamesAssets/Factory/Environment/SkyBoxes/Textures/SkyIndustrial01Back.png using Guid(d9a943eb79979414ca2a25cdad679cf8) Importer(2089858483,b0f066a214c2f5e87bad3c948f4d605d) (ScriptedImporter) -> (artifact id: '42be5711da518da909920ebd29396810') in 0.0312036 seconds
Number of updated asset objects reloaded before import = 0Number of asset objects unloaded after import = 1

========================================================================
Received Import Request.
  Time since last request: 0.000035 seconds.
  path: Assets/TirgamesAssets/Factory/Prefabs/Factory2Wall04.prefab
  artifactKey: Guid(08cc5e347cab5cd45ba186809058dec6) Importer(2089858483,b0f066a214c2f5e87bad3c948f4d605d)
Start importing Assets/TirgamesAssets/Factory/Prefabs/Factory2Wall04.prefab using Guid(08cc5e347cab5cd45ba186809058dec6) Importer(2089858483,b0f066a214c2f5e87bad3c948f4d605d) (ScriptedImporter) -> (artifact id: '7c7674ed65c3b46dcc14c89a208ed53d') in 0.0703884 seconds
Number of updated asset objects reloaded before import = 0Number of asset objects unloaded after import = 18

========================================================================
Received Import Request.
  Time since last request: 0.000054 seconds.
  path: Assets/TirgamesAssets/Factory/Scenes/FactoryNight
  artifactKey: Guid(9f762e92772e6bd429f0a92f7820ce2c) Importer(2089858483,b0f066a214c2f5e87bad3c948f4d605d)
Start importing Assets/TirgamesAssets/Factory/Scenes/FactoryNight using Guid(9f762e92772e6bd429f0a92f7820ce2c) Importer(2089858483,b0f066a214c2f5e87bad3c948f4d605d) (ScriptedImporter) -> (artifact id: '87362b4e7bae9edfc3e104e5d5d6debb') in 0.0204706 seconds
Number of updated asset objects reloaded before import = 0Number of asset objects unloaded after import = 1

========================================================================
Received Import Request.
  Time since last request: 0.000043 seconds.
  path: Assets/TirgamesAssets/Factory/Models/Factory1Column07.FBX
  artifactKey: Guid(04460bbac4f0e2c4f92c70b82e44e70c) Importer(2089858483,b0f066a214c2f5e87bad3c948f4d605d)
Start importing Assets/TirgamesAssets/Factory/Models/Factory1Column07.FBX using Guid(04460bbac4f0e2c4f92c70b82e44e70c) Importer(2089858483,b0f066a214c2f5e87bad3c948f4d605d) (ScriptedImporter) -> (artifact id: 'c2f46bc6f42115811ed340dd3070cc31') in 0.0479545 seconds
Number of updated asset objects reloaded before import = 0Number of asset objects unloaded after import = 8

========================================================================
Received Import Request.
  Time since last request: 0.000034 seconds.
  path: Assets/TirgamesAssets/Factory/Prefabs/Factory1Stairs03.prefab
  artifactKey: Guid(180fb3373abc17a40851180a5796d9e6) Importer(2089858483,b0f066a214c2f5e87bad3c948f4d605d)
Start importing Assets/TirgamesAssets/Factory/Prefabs/Factory1Stairs03.prefab using Guid(180fb3373abc17a40851180a5796d9e6) Importer(2089858483,b0f066a214c2f5e87bad3c948f4d605d) (ScriptedImporter) -> (artifact id: '2e19eff6ad077fb6c8c77dc752d96491') in 0.0783166 seconds
Number of updated asset objects reloaded before import = 0Number of asset objects unloaded after import = 10

========================================================================
Received Import Request.
  Time since last request: 0.000043 seconds.
  path: Assets/TirgamesAssets/Factory/Textures/PowerBox01_2.png
  artifactKey: Guid(8fcc78a8523b7a1409a0c5d73a3851a0) Importer(2089858483,b0f066a214c2f5e87bad3c948f4d605d)
Start importing Assets/TirgamesAssets/Factory/Textures/PowerBox01_2.png using Guid(8fcc78a8523b7a1409a0c5d73a3851a0) Importer(2089858483,b0f066a214c2f5e87bad3c948f4d605d) (ScriptedImporter) -> (artifact id: 'bbcea1fd67537057057d2a6683f7d70d') in 0.0309912 seconds
Number of updated asset objects reloaded before import = 0Number of asset objects unloaded after import = 1

========================================================================
Received Import Request.
  Time since last request: 0.000043 seconds.
  path: Assets/TirgamesAssets/Factory/Models/Barrel01_1.FBX
  artifactKey: Guid(c5fdf194e3a0c184d862ed90db5c3f15) Importer(2089858483,b0f066a214c2f5e87bad3c948f4d605d)
Start importing Assets/TirgamesAssets/Factory/Models/Barrel01_1.FBX using Guid(c5fdf194e3a0c184d862ed90db5c3f15) Importer(2089858483,b0f066a214c2f5e87bad3c948f4d605d) (ScriptedImporter) -> (artifact id: '6a21987433847d0c675d771141260308') in 0.0390774 seconds
Number of updated asset objects reloaded before import = 0Number of asset objects unloaded after import = 9

========================================================================
Received Import Request.
  Time since last request: 0.000031 seconds.
  path: Assets/TirgamesAssets/Factory/Models/Debris01_11.FBX
  artifactKey: Guid(d9ab29e445999844d9c200a6f1155cee) Importer(2089858483,b0f066a214c2f5e87bad3c948f4d605d)
Start importing Assets/TirgamesAssets/Factory/Models/Debris01_11.FBX using Guid(d9ab29e445999844d9c200a6f1155cee) Importer(2089858483,b0f066a214c2f5e87bad3c948f4d605d) (ScriptedImporter) -> (artifact id: 'c3cd6345f135710117f70aae8c5a67ab') in 0.0474504 seconds
Number of updated asset objects reloaded before import = 0Number of asset objects unloaded after import = 9

========================================================================
Received Import Request.
  Time since last request: 0.000032 seconds.
  path: Assets/TirgamesAssets/Factory/Scenes
  artifactKey: Guid(8d3e7e7df96408043a40f8a5f44ddbdc) Importer(2089858483,b0f066a214c2f5e87bad3c948f4d605d)
Start importing Assets/TirgamesAssets/Factory/Scenes using Guid(8d3e7e7df96408043a40f8a5f44ddbdc) Importer(2089858483,b0f066a214c2f5e87bad3c948f4d605d) (ScriptedImporter) -> (artifact id: '31216e049cb8fc42c7878f0a54196fb5') in 0.0237385 seconds
Number of updated asset objects reloaded before import = 0Number of asset objects unloaded after import = 1

========================================================================
Received Import Request.
  Time since last request: 0.000050 seconds.
  path: Assets/TirgamesAssets/Factory/Models/Materials/LargeGates1.mat
  artifactKey: Guid(83da4cfcbe43f8342aea193a2b33258a) Importer(2089858483,b0f066a214c2f5e87bad3c948f4d605d)
Start importing Assets/TirgamesAssets/Factory/Models/Materials/LargeGates1.mat using Guid(83da4cfcbe43f8342aea193a2b33258a) Importer(2089858483,b0f066a214c2f5e87bad3c948f4d605d) (ScriptedImporter) -> (artifact id: '997fc1e85399aa1f4098ed9bc60961c8') in 0.0755203 seconds
Number of updated asset objects reloaded before import = 0Number of asset objects unloaded after import = 4

========================================================================
Received Import Request.
  Time since last request: 0.000035 seconds.
  path: Assets/TirgamesAssets/Factory/Textures/CommonMetalDiamond01_NM.png
  artifactKey: Guid(14b44bce8c59bf2439c782dafeabe602) Importer(2089858483,b0f066a214c2f5e87bad3c948f4d605d)
Start importing Assets/TirgamesAssets/Factory/Textures/CommonMetalDiamond01_NM.png using Guid(14b44bce8c59bf2439c782dafeabe602) Importer(2089858483,b0f066a214c2f5e87bad3c948f4d605d) (ScriptedImporter) -> (artifact id: '356be728f3b85a2326b9414426bbc35f') in 0.0319382 seconds
Number of updated asset objects reloaded before import = 0Number of asset objects unloaded after import = 1

========================================================================
Received Import Request.
  Time since last request: 0.000029 seconds.
  path: Assets/TirgamesAssets/Factory/Models/Materials/CommonConcreteWall01.mat
  artifactKey: Guid(16b7d755e8a9e82448cebb7861be060c) Importer(2089858483,b0f066a214c2f5e87bad3c948f4d605d)
Start importing Assets/TirgamesAssets/Factory/Models/Materials/CommonConcreteWall01.mat using Guid(16b7d755e8a9e82448cebb7861be060c) Importer(2089858483,b0f066a214c2f5e87bad3c948f4d605d) (ScriptedImporter) -> (artifact id: '2080756ae9865ec688320622e6947a57') in 0.0821866 seconds
Number of updated asset objects reloaded before import = 0Number of asset objects unloaded after import = 4

========================================================================
Received Import Request.
  Time since last request: 0.000062 seconds.
  path: Assets/TirgamesAssets/Factory/Prefabs/PowerBox02_1.prefab
  artifactKey: Guid(ffdc491f1ac37f24fa76d492743c2c42) Importer(2089858483,b0f066a214c2f5e87bad3c948f4d605d)
Start importing Assets/TirgamesAssets/Factory/Prefabs/PowerBox02_1.prefab using Guid(ffdc491f1ac37f24fa76d492743c2c42) Importer(2089858483,b0f066a214c2f5e87bad3c948f4d605d) (ScriptedImporter) -> (artifact id: '5690e043466010e6d9ea365aa39a09d5') in 0.0663717 seconds
Number of updated asset objects reloaded before import = 0Number of asset objects unloaded after import = 10

Editor requested this worker to shutdown with reason: Scaling down because of idle timeout
AssetImportWorker is now disconnected from the server
Process exiting
Exiting without the bug reporter. Application will terminate with return code 0